[debug] [2021-10-17T19:57:51.525Z] ----------------------------------------------------------------------
[debug] [2021-10-17T19:57:51.527Z] Command:       /usr/local/bin/node /usr/local/bin/firebase deploy
[debug] [2021-10-17T19:57:51.527Z] CLI Version:   9.20.0
[debug] [2021-10-17T19:57:51.527Z] Platform:      darwin
[debug] [2021-10-17T19:57:51.527Z] Node Version:  v14.17.5
[debug] [2021-10-17T19:57:51.532Z] Time:          Sun Oct 17 2021 22:57:51 GMT+0300 (Moscow Standard Time)
[debug] [2021-10-17T19:57:51.532Z] ----------------------------------------------------------------------
[debug] 
[debug] [2021-10-17T19:57:51.583Z] > command requires scopes: ["email","openid","https://www.googleapis.com/auth/cloudplatformprojects.readonly","https://www.googleapis.com/auth/firebase","https://www.googleapis.com/auth/cloud-platform"]
[debug] [2021-10-17T19:57:51.583Z] > authorizing via signed-in user (jacob.demmane@gmail.com)
[debug] [2021-10-17T19:57:51.584Z] [iam] checking project big-mind-community for permissions ["firebase.projects.get","firebasehosting.sites.update"]
[debug] [2021-10-17T19:57:51.585Z] >>> HTTP REQUEST POST https://cloudresourcemanager.googleapis.com/v1/projects/big-mind-community:testIamPermissions  
 {"permissions":["firebase.projects.get","firebasehosting.sites.update"]}
[debug] [2021-10-17T19:57:54.361Z] <<< HTTP RESPONSE 200 {"content-type":"application/json; charset=UTF-8","vary":"X-Origin, Referer, Origin,Accept-Encoding","date":"Sun, 17 Oct 2021 19:57:54 GMT","server":"ESF","cache-control":"private","x-xss-protection":"0","x-frame-options":"SAMEORIGIN","x-content-type-options":"nosniff","server-timing":"gfet4t7; dur=40","alt-svc":"h3=\":443\"; ma=2592000,h3-29=\":443\"; ma=2592000,h3-T051=\":443\"; ma=2592000,h3-Q050=\":443\"; ma=2592000,h3-Q046=\":443\"; ma=2592000,h3-Q043=\":443\"; ma=2592000,quic=\":443\"; ma=2592000; v=\"46,43\"","accept-ranges":"none","transfer-encoding":"chunked"}
[debug] [2021-10-17T19:57:54.363Z] > refreshing access token with scopes: []
[debug] [2021-10-17T19:57:54.363Z] >>> HTTP REQUEST POST https://www.googleapis.com/oauth2/v3/token  
 <request body omitted>
[debug] [2021-10-17T19:57:57.821Z] <<< HTTP RESPONSE 200 {"cache-control":"no-cache, no-store, max-age=0, must-revalidate","pragma":"no-cache","date":"Sun, 17 Oct 2021 19:57:57 GMT","expires":"Mon, 01 Jan 1990 00:00:00 GMT","content-type":"application/json; charset=utf-8","vary":"X-Origin, Referer, Origin,Accept-Encoding","server":"scaffolding on HTTPServer2","x-xss-protection":"0","x-frame-options":"SAMEORIGIN","x-content-type-options":"nosniff","alt-svc":"h3=\":443\"; ma=2592000,h3-29=\":443\"; ma=2592000,h3-T051=\":443\"; ma=2592000,h3-Q050=\":443\"; ma=2592000,h3-Q046=\":443\"; ma=2592000,h3-Q043=\":443\"; ma=2592000,quic=\":443\"; ma=2592000; v=\"46,43\"","accept-ranges":"none","transfer-encoding":"chunked"}
[debug] [2021-10-17T19:57:57.840Z] >>> [apiv2][query] GET https://firebase.googleapis.com/v1beta1/projects/big-mind-community [none]
[debug] [2021-10-17T19:58:00.494Z] <<< [apiv2][status] GET https://firebase.googleapis.com/v1beta1/projects/big-mind-community 200
[debug] [2021-10-17T19:58:00.494Z] <<< [apiv2][body] GET https://firebase.googleapis.com/v1beta1/projects/big-mind-community {"projectId":"big-mind-community","projectNumber":"93563529582","displayName":"Big Mind","name":"projects/big-mind-community","resources":{"hostingSite":"big-mind-community","realtimeDatabaseInstance":"big-mind-community-default-rtdb","storageBucket":"big-mind-community.appspot.com","locationId":"europe-west"},"state":"ACTIVE"}
[info] 
[info] === Deploying to 'big-mind-community'...
[info] 
[info] i  deploying hosting 
[debug] [2021-10-17T19:58:00.497Z] > refreshing access token with scopes: ["email","https://www.googleapis.com/auth/cloud-platform","https://www.googleapis.com/auth/cloudplatformprojects.readonly","https://www.googleapis.com/auth/firebase","openid"]
[debug] [2021-10-17T19:58:00.497Z] >>> HTTP REQUEST POST https://www.googleapis.com/oauth2/v3/token  
 <request body omitted>
[debug] [2021-10-17T19:58:01.763Z] <<< HTTP RESPONSE 200 {"pragma":"no-cache","date":"Sun, 17 Oct 2021 19:58:01 GMT","expires":"Mon, 01 Jan 1990 00:00:00 GMT","cache-control":"no-cache, no-store, max-age=0, must-revalidate","content-type":"application/json; charset=utf-8","vary":"X-Origin, Referer, Origin,Accept-Encoding","server":"scaffolding on HTTPServer2","x-xss-protection":"0","x-frame-options":"SAMEORIGIN","x-content-type-options":"nosniff","alt-svc":"h3=\":443\"; ma=2592000,h3-29=\":443\"; ma=2592000,h3-T051=\":443\"; ma=2592000,h3-Q050=\":443\"; ma=2592000,h3-Q046=\":443\"; ma=2592000,h3-Q043=\":443\"; ma=2592000,quic=\":443\"; ma=2592000; v=\"46,43\"","accept-ranges":"none","transfer-encoding":"chunked"}
[debug] [2021-10-17T19:58:01.778Z] >>> HTTP REQUEST POST https://firebasehosting.googleapis.com/v1beta1/sites/big-mind-community/versions  
 {"config":{"rewrites":[{"glob":"**","path":"/index.html"}]},"labels":{"deployment-tool":"cli-firebase"}}
[debug] [2021-10-17T19:58:03.719Z] <<< HTTP RESPONSE 200 {"content-type":"application/json; charset=UTF-8","vary":"X-Origin, Referer, Origin,Accept-Encoding","date":"Sun, 17 Oct 2021 19:58:03 GMT","server":"ESF","cache-control":"private","x-xss-protection":"0","x-frame-options":"SAMEORIGIN","x-content-type-options":"nosniff","alt-svc":"h3=\":443\"; ma=2592000,h3-29=\":443\"; ma=2592000,h3-T051=\":443\"; ma=2592000,h3-Q050=\":443\"; ma=2592000,h3-Q046=\":443\"; ma=2592000,h3-Q043=\":443\"; ma=2592000,quic=\":443\"; ma=2592000; v=\"46,43\"","accept-ranges":"none","transfer-encoding":"chunked"}
[info] i  hosting[big-mind-community]: beginning deploy... 
[info] i  hosting[big-mind-community]: found 20 files in build 
[debug] [2021-10-17T19:58:03.934Z] > refreshing access token with scopes: []
[debug] [2021-10-17T19:58:03.934Z] >>> HTTP REQUEST POST https://www.googleapis.com/oauth2/v3/token  
 <request body omitted>
[debug] [2021-10-17T19:58:03.935Z] [hosting] hash cache [YnVpbGQ] stored for 20 files
[debug] [2021-10-17T19:58:03.935Z] [hosting][hash queue][FINAL] {"max":184,"min":18,"avg":33.25,"active":0,"complete":20,"success":20,"errored":0,"retried":0,"total":20,"elapsed":190}
[debug] [2021-10-17T19:58:04.804Z] <<< HTTP RESPONSE 200 {"expires":"Mon, 01 Jan 1990 00:00:00 GMT","date":"Sun, 17 Oct 2021 19:58:04 GMT","pragma":"no-cache","cache-control":"no-cache, no-store, max-age=0, must-revalidate","content-type":"application/json; charset=utf-8","vary":"X-Origin, Referer, Origin,Accept-Encoding","server":"scaffolding on HTTPServer2","x-xss-protection":"0","x-frame-options":"SAMEORIGIN","x-content-type-options":"nosniff","alt-svc":"h3=\":443\"; ma=2592000,h3-29=\":443\"; ma=2592000,h3-T051=\":443\"; ma=2592000,h3-Q050=\":443\"; ma=2592000,h3-Q046=\":443\"; ma=2592000,h3-Q043=\":443\"; ma=2592000,quic=\":443\"; ma=2592000; v=\"46,43\"","accept-ranges":"none","transfer-encoding":"chunked"}
[debug] [2021-10-17T19:58:04.821Z] >>> [apiv2][query] POST https://firebasehosting.googleapis.com/v1beta1/sites/big-mind-community/versions/bcdec2c31880dc1f:populateFiles [none]
[debug] [2021-10-17T19:58:04.821Z] >>> [apiv2][body] POST https://firebasehosting.googleapis.com/v1beta1/sites/big-mind-community/versions/bcdec2c31880dc1f:populateFiles {"files":{"/index.html":"ab6e4d0416c7d43e7061790abfbba4be4620280d8a375fda549b10129bba6420","/imgs/_bigmid_files_/logo/favicon.png":"0d689dc59817d65b56ca9002c8f705fdf20972d4773f8d3d9256ce0984c92b12","/asset-manifest.json":"098c3194bd7c1f93bca88ba8eb1320e7a0e2f73a9e277c550a0f215294e7712e","/static/css/main.8e79b96a.chunk.css":"1ce423f704902c31500bde62702b3d3c8f2c6658bcf692ab02912f5587f6f5f2","/static/css/main.8e79b96a.chunk.css.map":"ba15b329a251db2ce8e5e625811360d7b2af5561721693384e01a36ce0cb3d68","/static/js/2.dc5a7357.chunk.js.LICENSE.txt":"a82a9ca38359e29f2e9b6a23c47db5a3520c3cc448af160cc0c86cf7b0f85402","/static/js/3.37f28820.chunk.js":"0f83224a1f40a1b370b556958d15a25592302a694fc0de6923208f9d2bab43d7","/robots.txt":"391d14b3c2f8c9143a27a28c7399585142228d4d1bdbe2c87ac946de411fa9a2","/static/js/runtime-main.74219ede.js":"11c7749af071070072ba8d6ddeae09b2ad2f7650a60cd6b84d5067770742e23c","/static/js/runtime-main.74219ede.js.map":"9647170336b2ed19324a195165995ecf573f7de072fa9d8d872efbe9a49a046c","/static/js/3.37f28820.chunk.js.map":"898f9e9741ef173728b286c261ce6251adab6fae43e9c7997c9ea55a77cf09b5","/manifest.json":"8070e1e879b09a9cb0d12651bafe2b15407c2185da52c61a809de37ff3c0c0a5","/imgs/users/moha_dmn/avatar/moha_dmn.jpg":"5aca0ea8d0fd7fe189c445a70b99e05408ed9786eeb2cfb2a8b46669d9381266","/static/js/main.f83ac7be.chunk.js":"b8a405e5a68ff8bbb46774fa950c70f98b717ade103064390f0fb5dd0bfab88e","/imgs/_bigmid_files_/login/bg-login.jpg":"dab710cc6a744bcd3c85523224bc8b24cdd2a0e6b32b28009d194b097ed02fa5","/static/js/main.f83ac7be.chunk.js.map":"9a02c64edfaef18d30f05db0c97fe02b53d348efd83c5885a5e4a8a7977cca7f","/imgs/users/zino_bacha3a/zino_bacha3a.jpg":"c959659d7d36e7bb449a7aee2faa94488fd8827ac0cdf87d8679cc18f61e46ef","/imgs/users/jacob_dmn/avatar/jacob_dmn.jpeg":"927713e556d596cebe682e365a4889075a440ad5c7405ff3ff35b9cbad3dbb1e","/static/js/2.dc5a7357.chunk.js":"46b8871151635f3165c357d878a6d117c0995668f9474822b5be301a096787df","/static/js/2.dc5a7357.chunk.js.map":"38c02cbe4018a3401fe943114105b42f8545d0449045235bd761b41db9b294dc"}}
[debug] [2021-10-17T19:58:08.098Z] <<< [apiv2][status] POST https://firebasehosting.googleapis.com/v1beta1/sites/big-mind-community/versions/bcdec2c31880dc1f:populateFiles 200
[debug] [2021-10-17T19:58:08.099Z] <<< [apiv2][body] POST https://firebasehosting.googleapis.com/v1beta1/sites/big-mind-community/versions/bcdec2c31880dc1f:populateFiles {"uploadRequiredHashes":["9a02c64edfaef18d30f05db0c97fe02b53d348efd83c5885a5e4a8a7977cca7f","098c3194bd7c1f93bca88ba8eb1320e7a0e2f73a9e277c550a0f215294e7712e","b8a405e5a68ff8bbb46774fa950c70f98b717ade103064390f0fb5dd0bfab88e","ab6e4d0416c7d43e7061790abfbba4be4620280d8a375fda549b10129bba6420"],"uploadUrl":"https://upload-firebasehosting.googleapis.com/upload/sites/big-mind-community/versions/bcdec2c31880dc1f/files"}
[debug] [2021-10-17T19:58:08.100Z] >>> [apiv2][query] POST https://upload-firebasehosting.googleapis.com/upload/sites/big-mind-community/versions/bcdec2c31880dc1f/files/9a02c64edfaef18d30f05db0c97fe02b53d348efd83c5885a5e4a8a7977cca7f [none]
[debug] [2021-10-17T19:58:08.100Z] >>> [apiv2][body] POST https://upload-firebasehosting.googleapis.com/upload/sites/big-mind-community/versions/bcdec2c31880dc1f/files/9a02c64edfaef18d30f05db0c97fe02b53d348efd83c5885a5e4a8a7977cca7f [stream]
[debug] [2021-10-17T19:58:08.102Z] >>> [apiv2][query] POST https://upload-firebasehosting.googleapis.com/upload/sites/big-mind-community/versions/bcdec2c31880dc1f/files/098c3194bd7c1f93bca88ba8eb1320e7a0e2f73a9e277c550a0f215294e7712e [none]
[debug] [2021-10-17T19:58:08.103Z] >>> [apiv2][body] POST https://upload-firebasehosting.googleapis.com/upload/sites/big-mind-community/versions/bcdec2c31880dc1f/files/098c3194bd7c1f93bca88ba8eb1320e7a0e2f73a9e277c550a0f215294e7712e [stream]
[debug] [2021-10-17T19:58:08.105Z] >>> [apiv2][query] POST https://upload-firebasehosting.googleapis.com/upload/sites/big-mind-community/versions/bcdec2c31880dc1f/files/b8a405e5a68ff8bbb46774fa950c70f98b717ade103064390f0fb5dd0bfab88e [none]
[debug] [2021-10-17T19:58:08.105Z] >>> [apiv2][body] POST https://upload-firebasehosting.googleapis.com/upload/sites/big-mind-community/versions/bcdec2c31880dc1f/files/b8a405e5a68ff8bbb46774fa950c70f98b717ade103064390f0fb5dd0bfab88e [stream]
[debug] [2021-10-17T19:58:08.106Z] >>> [apiv2][query] POST https://upload-firebasehosting.googleapis.com/upload/sites/big-mind-community/versions/bcdec2c31880dc1f/files/ab6e4d0416c7d43e7061790abfbba4be4620280d8a375fda549b10129bba6420 [none]
[debug] [2021-10-17T19:58:08.106Z] >>> [apiv2][body] POST https://upload-firebasehosting.googleapis.com/upload/sites/big-mind-community/versions/bcdec2c31880dc1f/files/ab6e4d0416c7d43e7061790abfbba4be4620280d8a375fda549b10129bba6420 [stream]
[debug] [2021-10-17T19:58:08.108Z] [hosting][populate queue][FINAL] {"max":4166,"min":4166,"avg":4166,"active":0,"complete":1,"success":1,"errored":0,"retried":0,"total":1,"elapsed":4174}
[debug] [2021-10-17T19:58:08.109Z] [hosting] uploads queued: 4
[debug] [2021-10-17T19:58:10.475Z] <<< [apiv2][status] POST https://upload-firebasehosting.googleapis.com/upload/sites/big-mind-community/versions/bcdec2c31880dc1f/files/098c3194bd7c1f93bca88ba8eb1320e7a0e2f73a9e277c550a0f215294e7712e 200
[debug] [2021-10-17T19:58:10.475Z] <<< [apiv2][body] POST https://upload-firebasehosting.googleapis.com/upload/sites/big-mind-community/versions/bcdec2c31880dc1f/files/098c3194bd7c1f93bca88ba8eb1320e7a0e2f73a9e277c550a0f215294e7712e [stream]
[debug] [2021-10-17T19:58:10.617Z] <<< [apiv2][status] POST https://upload-firebasehosting.googleapis.com/upload/sites/big-mind-community/versions/bcdec2c31880dc1f/files/ab6e4d0416c7d43e7061790abfbba4be4620280d8a375fda549b10129bba6420 200
[debug] [2021-10-17T19:58:10.617Z] <<< [apiv2][body] POST https://upload-firebasehosting.googleapis.com/upload/sites/big-mind-community/versions/bcdec2c31880dc1f/files/ab6e4d0416c7d43e7061790abfbba4be4620280d8a375fda549b10129bba6420 [stream]
[debug] [2021-10-17T19:58:11.407Z] <<< [apiv2][status] POST https://upload-firebasehosting.googleapis.com/upload/sites/big-mind-community/versions/bcdec2c31880dc1f/files/9a02c64edfaef18d30f05db0c97fe02b53d348efd83c5885a5e4a8a7977cca7f 200
[debug] [2021-10-17T19:58:11.407Z] <<< [apiv2][body] POST https://upload-firebasehosting.googleapis.com/upload/sites/big-mind-community/versions/bcdec2c31880dc1f/files/9a02c64edfaef18d30f05db0c97fe02b53d348efd83c5885a5e4a8a7977cca7f [stream]
[debug] [2021-10-17T19:58:11.488Z] <<< [apiv2][status] POST https://upload-firebasehosting.googleapis.com/upload/sites/big-mind-community/versions/bcdec2c31880dc1f/files/b8a405e5a68ff8bbb46774fa950c70f98b717ade103064390f0fb5dd0bfab88e 200
[debug] [2021-10-17T19:58:11.488Z] <<< [apiv2][body] POST https://upload-firebasehosting.googleapis.com/upload/sites/big-mind-community/versions/bcdec2c31880dc1f/files/b8a405e5a68ff8bbb46774fa950c70f98b717ade103064390f0fb5dd0bfab88e [stream]
[debug] [2021-10-17T19:58:11.488Z] [hosting][upload queue][FINAL] {"max":3388,"min":2375,"avg":2897,"active":0,"complete":4,"success":4,"errored":0,"retried":0,"total":4,"elapsed":3389}
[info] ✔  hosting[big-mind-community]: file upload complete 
[debug] [2021-10-17T19:58:11.489Z] [hosting] deploy completed after 7768ms
[debug] [2021-10-17T19:58:11.490Z] [
  {
    "config": {
      "public": "build",
      "ignore": [
        "firebase.json",
        "**/.*",
        "**/node_modules/**"
      ],
      "rewrites": [
        {
          "source": "**",
          "destination": "/index.html"
        }
      ],
      "site": "big-mind-community"
    },
    "site": "big-mind-community",
    "version": "sites/big-mind-community/versions/bcdec2c31880dc1f"
  }
]
[info] i  hosting[big-mind-community]: finalizing version... 
[debug] [2021-10-17T19:58:11.491Z] > refreshing access token with scopes: ["email","https://www.googleapis.com/auth/cloud-platform","https://www.googleapis.com/auth/cloudplatformprojects.readonly","https://www.googleapis.com/auth/firebase","openid"]
[debug] [2021-10-17T19:58:11.491Z] >>> HTTP REQUEST POST https://www.googleapis.com/oauth2/v3/token  
 <request body omitted>
[debug] [2021-10-17T19:58:15.541Z] <<< HTTP RESPONSE 200 {"pragma":"no-cache","date":"Sun, 17 Oct 2021 19:58:15 GMT","cache-control":"no-cache, no-store, max-age=0, must-revalidate","expires":"Mon, 01 Jan 1990 00:00:00 GMT","content-type":"application/json; charset=utf-8","vary":"X-Origin, Referer, Origin,Accept-Encoding","server":"scaffolding on HTTPServer2","x-xss-protection":"0","x-frame-options":"SAMEORIGIN","x-content-type-options":"nosniff","alt-svc":"h3=\":443\"; ma=2592000,h3-29=\":443\"; ma=2592000,h3-T051=\":443\"; ma=2592000,h3-Q050=\":443\"; ma=2592000,h3-Q046=\":443\"; ma=2592000,h3-Q043=\":443\"; ma=2592000,quic=\":443\"; ma=2592000; v=\"46,43\"","accept-ranges":"none","transfer-encoding":"chunked"}
[debug] [2021-10-17T19:58:15.555Z] >>> HTTP REQUEST PATCH https://firebasehosting.googleapis.com/v1beta1/sites/big-mind-community/versions/bcdec2c31880dc1f?updateMask=status  
 {"status":"FINALIZED"}
[debug] [2021-10-17T19:58:17.812Z] <<< HTTP RESPONSE 200 {"content-type":"application/json; charset=UTF-8","vary":"X-Origin, Referer, Origin,Accept-Encoding","date":"Sun, 17 Oct 2021 19:58:17 GMT","server":"ESF","cache-control":"private","x-xss-protection":"0","x-frame-options":"SAMEORIGIN","x-content-type-options":"nosniff","alt-svc":"h3=\":443\"; ma=2592000,h3-29=\":443\"; ma=2592000,h3-T051=\":443\"; ma=2592000,h3-Q050=\":443\"; ma=2592000,h3-Q046=\":443\"; ma=2592000,h3-Q043=\":443\"; ma=2592000,quic=\":443\"; ma=2592000; v=\"46,43\"","accept-ranges":"none","transfer-encoding":"chunked"}
[debug] [2021-10-17T19:58:17.812Z] [hosting] finalized version for big-mind-community: {"name":"sites/big-mind-community/versions/bcdec2c31880dc1f","status":"FINALIZED","config":{"rewrites":[{"glob":"**","path":"/index.html"}]},"labels":{"deployment-tool":"cli-firebase"},"createTime":"2021-10-17T19:58:03.141610Z","createUser":{"email":"jacob.demmane@gmail.com"},"finalizeTime":"2021-10-17T19:58:17.737430Z","finalizeUser":{"email":"jacob.demmane@gmail.com"}}
[info] ✔  hosting[big-mind-community]: version finalized 
[info] i  hosting[big-mind-community]: releasing new version... 
[debug] [2021-10-17T19:58:17.813Z] >>> HTTP REQUEST POST https://firebasehosting.googleapis.com/v1beta1/sites/big-mind-community/releases?version_name=sites/big-mind-community/versions/bcdec2c31880dc1f  
 {"message":null}
[debug] [2021-10-17T19:58:19.738Z] <<< HTTP RESPONSE 200 {"content-type":"application/json; charset=UTF-8","vary":"X-Origin, Referer, Origin,Accept-Encoding","date":"Sun, 17 Oct 2021 19:58:19 GMT","server":"ESF","cache-control":"private","x-xss-protection":"0","x-frame-options":"SAMEORIGIN","x-content-type-options":"nosniff","alt-svc":"h3=\":443\"; ma=2592000,h3-29=\":443\"; ma=2592000,h3-T051=\":443\"; ma=2592000,h3-Q050=\":443\"; ma=2592000,h3-Q046=\":443\"; ma=2592000,h3-Q043=\":443\"; ma=2592000,quic=\":443\"; ma=2592000; v=\"46,43\"","accept-ranges":"none","transfer-encoding":"chunked"}
[debug] [2021-10-17T19:58:19.739Z] [hosting] release: {"name":"sites/big-mind-community/releases/1634500699005655","version":{"name":"sites/big-mind-community/versions/bcdec2c31880dc1f","status":"FINALIZED","config":{"rewrites":[{"glob":"**","path":"/index.html"}]},"labels":{"deployment-tool":"cli-firebase"},"createTime":"2021-10-17T19:58:03.141610Z","createUser":{"email":"jacob.demmane@gmail.com"},"finalizeTime":"2021-10-17T19:58:17.737430Z","finalizeUser":{"email":"jacob.demmane@gmail.com"}},"type":"DEPLOY","releaseTime":"2021-10-17T19:58:19.005655439Z","releaseUser":{"email":"jacob.demmane@gmail.com"}}
[info] ✔  hosting[big-mind-community]: release complete 
[info] 
[info] ✔  Deploy complete! 
[info] 
[info] Project Console: https://console.firebase.google.com/project/big-mind-community/overview
[info] Hosting URL: https://big-mind-community.web.app
